Performing C SOURCE FILE Test HAVE_SSE succeeded with the following output:
Change Dir: '/home/charles/replay-agent/build/CMakeFiles/CMakeTmp'

Run Build Command(s): /usr/bin/cmake -E env VERBOSE=1 /usr/bin/make -f Makefile cmTC_1d92b/fast
/usr/bin/make  -f CMakeFiles/cmTC_1d92b.dir/build.make CMakeFiles/cmTC_1d92b.dir/build
make[1]: Entering directory '/home/charles/replay-agent/build/CMakeFiles/CMakeTmp'
Building C object CMakeFiles/cmTC_1d92b.dir/src.c.o
/usr/bin/clang   -Wno-unused-but-set-variable -DHAVE_SSE -msse4.1 -MD -MT CMakeFiles/cmTC_1d92b.dir/src.c.o -MF CMakeFiles/cmTC_1d92b.dir/src.c.o.d -o CMakeFiles/cmTC_1d92b.dir/src.c.o -c /home/charles/replay-agent/build/CMakeFiles/CMakeTmp/src.c
Linking C executable cmTC_1d92b
/usr/bin/cmake -E cmake_link_script CMakeFiles/cmTC_1d92b.dir/link.txt --verbose=1
/usr/bin/clang  -Wno-unused-but-set-variable -DHAVE_SSE -msse4.1 -rdynamic CMakeFiles/cmTC_1d92b.dir/src.c.o -o cmTC_1d92b
make[1]: Leaving directory '/home/charles/replay-agent/build/CMakeFiles/CMakeTmp'


Return value: 1
Source file was:

        #include <emmintrin.h>
        #include <smmintrin.h>

        int main()
        {
        __m128i a = _mm_setzero_si128();
        __m128i b = _mm_minpos_epu16(a);
        return 0;
        }
Performing C SOURCE FILE Test HAVE_AVX succeeded with the following output:
Change Dir: '/home/charles/replay-agent/build/CMakeFiles/CMakeTmp'

Run Build Command(s): /usr/bin/cmake -E env VERBOSE=1 /usr/bin/make -f Makefile cmTC_1809d/fast
/usr/bin/make  -f CMakeFiles/cmTC_1809d.dir/build.make CMakeFiles/cmTC_1809d.dir/build
make[1]: Entering directory '/home/charles/replay-agent/build/CMakeFiles/CMakeTmp'
Building C object CMakeFiles/cmTC_1809d.dir/src.c.o
/usr/bin/clang   -Wno-unused-but-set-variable -DHAVE_AVX -mavx -MD -MT CMakeFiles/cmTC_1809d.dir/src.c.o -MF CMakeFiles/cmTC_1809d.dir/src.c.o.d -o CMakeFiles/cmTC_1809d.dir/src.c.o -c /home/charles/replay-agent/build/CMakeFiles/CMakeTmp/src.c
Linking C executable cmTC_1809d
/usr/bin/cmake -E cmake_link_script CMakeFiles/cmTC_1809d.dir/link.txt --verbose=1
/usr/bin/clang  -Wno-unused-but-set-variable -DHAVE_AVX -mavx -rdynamic CMakeFiles/cmTC_1809d.dir/src.c.o -o cmTC_1809d
make[1]: Leaving directory '/home/charles/replay-agent/build/CMakeFiles/CMakeTmp'


Return value: 1
Source file was:

            #include <immintrin.h>
            int main()
            {
              __m256 a, b, c;
              const float src[8] = { 1.0f, 2.0f, 3.0f, 4.0f, 5.0f, 6.0f, 7.0f, 8.0f };
              float dst[8];
              a = _mm256_loadu_ps( src );
              b = _mm256_loadu_ps( src );
              c = _mm256_add_ps( a, b );
              _mm256_storeu_ps( dst, c );
              int i = 0;
              for( i = 0; i < 8; i++ ){
                if( ( src[i] + src[i] ) != dst[i] ){
                  return -1;
                }
              }
              return 0;
            }
Performing C SOURCE FILE Test HAVE_AVX2 succeeded with the following output:
Change Dir: '/home/charles/replay-agent/build/CMakeFiles/CMakeTmp'

Run Build Command(s): /usr/bin/cmake -E env VERBOSE=1 /usr/bin/make -f Makefile cmTC_43495/fast
/usr/bin/make  -f CMakeFiles/cmTC_43495.dir/build.make CMakeFiles/cmTC_43495.dir/build
make[1]: Entering directory '/home/charles/replay-agent/build/CMakeFiles/CMakeTmp'
Building C object CMakeFiles/cmTC_43495.dir/src.c.o
/usr/bin/clang   -Wno-unused-but-set-variable -DHAVE_AVX2 -mavx2 -MD -MT CMakeFiles/cmTC_43495.dir/src.c.o -MF CMakeFiles/cmTC_43495.dir/src.c.o.d -o CMakeFiles/cmTC_43495.dir/src.c.o -c /home/charles/replay-agent/build/CMakeFiles/CMakeTmp/src.c
Linking C executable cmTC_43495
/usr/bin/cmake -E cmake_link_script CMakeFiles/cmTC_43495.dir/link.txt --verbose=1
/usr/bin/clang  -Wno-unused-but-set-variable -DHAVE_AVX2 -mavx2 -rdynamic CMakeFiles/cmTC_43495.dir/src.c.o -o cmTC_43495
make[1]: Leaving directory '/home/charles/replay-agent/build/CMakeFiles/CMakeTmp'


Return value: 1
Source file was:

          #include <immintrin.h>
          int main()
          {
            __m256i a, b, c;
            const int src[8] = { 1, 2, 3, 4, 5, 6, 7, 8 };
            int dst[8];
            a =  _mm256_loadu_si256( (__m256i*)src );
            b =  _mm256_loadu_si256( (__m256i*)src );
            c = _mm256_add_epi32( a, b );
            _mm256_storeu_si256( (__m256i*)dst, c );
            int i = 0;
            for( i = 0; i < 8; i++ ){
              if( ( src[i] + src[i] ) != dst[i] ){
                return -1;
              }
            }
            return 0;
          }
Performing C SOURCE FILE Test HAVE_FMA succeeded with the following output:
Change Dir: '/home/charles/replay-agent/build/CMakeFiles/CMakeTmp'

Run Build Command(s): /usr/bin/cmake -E env VERBOSE=1 /usr/bin/make -f Makefile cmTC_03570/fast
/usr/bin/make  -f CMakeFiles/cmTC_03570.dir/build.make CMakeFiles/cmTC_03570.dir/build
make[1]: Entering directory '/home/charles/replay-agent/build/CMakeFiles/CMakeTmp'
Building C object CMakeFiles/cmTC_03570.dir/src.c.o
/usr/bin/clang   -Wno-unused-but-set-variable -DHAVE_FMA -mfma -MD -MT CMakeFiles/cmTC_03570.dir/src.c.o -MF CMakeFiles/cmTC_03570.dir/src.c.o.d -o CMakeFiles/cmTC_03570.dir/src.c.o -c /home/charles/replay-agent/build/CMakeFiles/CMakeTmp/src.c
Linking C executable cmTC_03570
/usr/bin/cmake -E cmake_link_script CMakeFiles/cmTC_03570.dir/link.txt --verbose=1
/usr/bin/clang  -Wno-unused-but-set-variable -DHAVE_FMA -mfma -rdynamic CMakeFiles/cmTC_03570.dir/src.c.o -o cmTC_03570
make[1]: Leaving directory '/home/charles/replay-agent/build/CMakeFiles/CMakeTmp'


Return value: 1
Source file was:

            #include <immintrin.h>
            int main()
            {
              __m256 a, b, c, r;
              const float src[8] = { 1.0f, 2.0f, 3.0f, 4.0f, 5.0f, 6.0f, 7.0f, 8.0f };
              float dst[8];
              a = _mm256_loadu_ps( src );
              b = _mm256_loadu_ps( src );
              c = _mm256_loadu_ps( src );
              r = _mm256_fmadd_ps( a, b, c );
              _mm256_storeu_ps( dst, r );
              int i = 0;
              for( i = 0; i < 8; i++ ){
                if( ( src[i] * src[i] + src[i] ) != dst[i] ){
                  return -1;
                }
              }
              return 0;
            }
