Performing C SOURCE FILE Test HAVE_AVX512 failed with the following output:
Change Dir: '/home/charles/replay-agent/build/CMakeFiles/CMakeTmp'

Run Build Command(s): /usr/bin/cmake -E env VERBOSE=1 /usr/bin/make -f Makefile cmTC_6ef81/fast
/usr/bin/make  -f CMakeFiles/cmTC_6ef81.dir/build.make CMakeFiles/cmTC_6ef81.dir/build
make[1]: Entering directory '/home/charles/replay-agent/build/CMakeFiles/CMakeTmp'
Building C object CMakeFiles/cmTC_6ef81.dir/src.c.o
/usr/bin/clang   -Wno-unused-but-set-variable -DHAVE_AVX512 -mavx512f -mavx512cd -mavx512bw -mavx512dq -DLV_HAVE_AVX512 -MD -MT CMakeFiles/cmTC_6ef81.dir/src.c.o -MF CMakeFiles/cmTC_6ef81.dir/src.c.o.d -o CMakeFiles/cmTC_6ef81.dir/src.c.o -c /home/charles/replay-agent/build/CMakeFiles/CMakeTmp/src.c
Linking C executable cmTC_6ef81
/usr/bin/cmake -E cmake_link_script CMakeFiles/cmTC_6ef81.dir/link.txt --verbose=1
/usr/bin/clang  -Wno-unused-but-set-variable -DHAVE_AVX512 -mavx512f -mavx512cd -mavx512bw -mavx512dq -DLV_HAVE_AVX512 -rdynamic CMakeFiles/cmTC_6ef81.dir/src.c.o -o cmTC_6ef81
make[1]: Leaving directory '/home/charles/replay-agent/build/CMakeFiles/CMakeTmp'


Return value: FAILED_TO_RUN
Source file was:

          #include <immintrin.h>
          int main()
          {
            __m512i a, b, c;
            const int src[16] = { 0x0, 0x1, 0x2, 0x3, 0x4, 0x5, 0x6, 0x7, 0x8 , 0x9, 0xA, 0xB, 0xC, 0xD, 0xE, 0xF};
            int dst[16];
            a =  _mm512_loadu_si512( (__m512i*)src );
            b =  _mm512_loadu_si512( (__m512i*)src );
            c = _mm512_add_epi32( a, b );
            _mm512_storeu_si512( (__m512i*)dst, c );
            int i = 0;
            for( i = 0; i < 16; i++ ){
              if( ( src[i] + src[i] ) != dst[i] ){
                return -1;
              }
            }
            return 0;
          }
